2023-07-27 19:47:03,289 INFO client Запущен клиент с параметрами: адрес сервера: 127.0.0.1, порт: 7777,
 имя пользователя: Kate 
2023-07-27 19:47:03,336 INFO transport Попытка подключения № 1 
2023-07-27 19:47:04,336 INFO transport Попытка подключения № 2 
2023-07-27 19:47:05,337 INFO transport Попытка подключения № 3 
2023-07-27 19:47:06,337 INFO transport Попытка подключения № 4 
2023-07-27 19:47:07,337 INFO transport Попытка подключения № 5 
2023-07-27 19:47:08,338 CRITICAL transport Не удалось установить соединение с сервером 
2023-07-27 20:00:11,631 INFO client Запущен клиент с параметрами: адрес сервера: 127.0.0.1, порт: 7777,
 имя пользователя: Kate 
2023-07-27 20:00:11,661 INFO transport Попытка подключения № 1 
2023-07-27 20:00:11,662 DEBUG transport Установлено соединение с сервером 
2023-07-27 20:00:11,662 DEBUG transport Сформировано presence сообщение для пользователя Kate 
2023-07-27 20:00:11,663 CRITICAL transport Потеряно соединение с сервером! 
2023-07-27 20:06:37,790 INFO client Запущен клиент с параметрами: адрес сервера: 127.0.0.1, порт: 7777,
 имя пользователя: Kate 
2023-07-27 20:06:37,819 INFO transport Попытка подключения № 1 
2023-07-27 20:06:37,819 DEBUG transport Установлено соединение с сервером 
2023-07-27 20:06:37,819 DEBUG transport Сформировано presence сообщение для пользователя Kate 
2023-07-27 20:06:37,821 CRITICAL transport Потеряно соединение с сервером! 
2023-07-27 20:06:43,229 INFO client Запущен клиент с параметрами: адрес сервера: 127.0.0.1, порт: 7777,
 имя пользователя: admin 
2023-07-27 20:06:43,281 INFO transport Попытка подключения № 1 
2023-07-27 20:06:43,281 DEBUG transport Установлено соединение с сервером 
2023-07-27 20:06:43,281 DEBUG transport Сформировано presence сообщение для пользователя admin 
2023-07-27 20:06:43,283 CRITICAL transport Потеряно соединение с сервером! 
2023-07-27 20:18:00,385 INFO client Запущен клиент с параметрами: адрес сервера: 127.0.0.1, порт: 7777,
 имя пользователя: Kate 
2023-07-27 20:18:00,411 INFO transport Попытка подключения № 1 
2023-07-27 20:18:00,411 DEBUG transport Установлено соединение с сервером 
2023-07-27 20:18:00,411 DEBUG transport Сформировано presence сообщение для пользователя Kate 
2023-07-27 20:18:00,413 CRITICAL transport Потеряно соединение с сервером! 
2023-07-27 20:18:33,593 INFO client Запущен клиент с параметрами: адрес сервера: 7777, порт: 7777,
 имя пользователя: Kate 
2023-07-27 20:18:33,611 INFO transport Попытка подключения № 1 
2023-07-27 20:18:39,615 INFO transport Попытка подключения № 2 
2023-07-27 20:18:40,615 INFO transport Попытка подключения № 3 
2023-07-27 20:18:41,616 INFO transport Попытка подключения № 4 
2023-07-27 20:18:42,616 INFO transport Попытка подключения № 5 
2023-07-27 20:18:43,617 CRITICAL transport Не удалось установить соединение с сервером 
2023-07-27 20:19:00,933 INFO client Запущен клиент с параметрами: адрес сервера: 127.0.0.1, порт: 7777,
 имя пользователя: Kate 
2023-07-27 20:19:00,951 INFO transport Попытка подключения № 1 
2023-07-27 20:19:00,951 DEBUG transport Установлено соединение с сервером 
2023-07-27 20:19:00,951 DEBUG transport Сформировано presence сообщение для пользователя Kate 
2023-07-27 20:19:00,952 CRITICAL transport Потеряно соединение с сервером! 
2023-07-27 20:19:03,096 INFO client Запущен клиент с параметрами: адрес сервера: 127.0.0.1, порт: 7777,
 имя пользователя: Kate 
2023-07-27 20:19:03,113 INFO transport Попытка подключения № 1 
2023-07-27 20:19:03,114 DEBUG transport Установлено соединение с сервером 
2023-07-27 20:19:03,114 DEBUG transport Сформировано presence сообщение для пользователя Kate 
2023-07-27 20:19:03,616 CRITICAL transport Потеряно соединение с сервером! 
2023-07-27 20:19:14,635 INFO client Запущен клиент с параметрами: адрес сервера: localhost, порт: 7777,
 имя пользователя: Kate 
2023-07-27 20:19:14,716 INFO transport Попытка подключения № 1 
2023-07-27 20:19:14,716 DEBUG transport Установлено соединение с сервером 
2023-07-27 20:19:14,717 DEBUG transport Сформировано presence сообщение для пользователя Kate 
2023-07-27 20:19:15,219 CRITICAL transport Потеряно соединение с сервером! 
2023-07-27 20:20:37,316 INFO client Запущен клиент с параметрами: адрес сервера: localhost, порт: 7777,
 имя пользователя: Kate 
2023-07-27 20:20:37,349 INFO transport Попытка подключения № 1 
2023-07-27 20:20:38,349 INFO transport Попытка подключения № 2 
2023-07-27 20:20:39,350 INFO transport Попытка подключения № 3 
2023-07-27 20:20:40,350 INFO transport Попытка подключения № 4 
2023-07-27 20:20:41,351 INFO transport Попытка подключения № 5 
2023-07-27 20:20:42,351 CRITICAL transport Не удалось установить соединение с сервером 
