2023-06-26 18:36:38,050 INFO client Соединение с сервером установлено 
2023-06-26 18:36:38,050 DEBUG client Сообщение {'action': 'presence', 'time': 1687800998.0505679, 'user': {'account_name': 'Guest', 'status': 'online'}} для пользователя Guest сформировано 
2023-06-26 18:36:38,050 INFO client Запрос отправлен 
2023-06-26 18:36:38,051 INFO client Разбор сообщения от сервера: {'response': 200} 
2023-06-26 18:36:38,051 INFO client Ответ получен 
2023-06-26 18:36:38,051 INFO client Ответ 200 : OK успешно обработан 
2023-06-26 18:37:10,054 INFO client Соединение с сервером установлено 
2023-06-26 18:37:10,054 DEBUG client Сообщение {'action': 'presence', 'time': 1687801030.0543451, 'user': {'account_name': 'Guest', 'status': 'online'}} для пользователя Guest сформировано 
2023-06-26 18:37:10,054 INFO client Запрос отправлен 
2023-06-26 18:37:10,054 INFO client Разбор сообщения от сервера: {'response': 200} 
2023-06-26 18:37:10,054 INFO client Ответ получен 
2023-06-26 18:37:10,054 INFO client Ответ 200 : OK успешно обработан 
2023-06-26 18:37:11,351 INFO client Соединение с сервером установлено 
2023-06-26 18:37:11,351 DEBUG client Сообщение {'action': 'presence', 'time': 1687801031.3515224, 'user': {'account_name': 'Guest', 'status': 'online'}} для пользователя Guest сформировано 
2023-06-26 18:37:11,351 INFO client Запрос отправлен 
2023-06-26 18:37:11,352 INFO client Разбор сообщения от сервера: {'response': 200} 
2023-06-26 18:37:11,352 INFO client Ответ получен 
2023-06-26 18:37:11,352 INFO client Ответ 200 : OK успешно обработан 
2023-06-26 18:37:12,099 INFO client Соединение с сервером установлено 
2023-06-26 18:37:12,100 DEBUG client Сообщение {'action': 'presence', 'time': 1687801032.1000137, 'user': {'account_name': 'Guest', 'status': 'online'}} для пользователя Guest сформировано 
2023-06-26 18:37:12,100 INFO client Запрос отправлен 
2023-06-26 18:37:12,100 INFO client Разбор сообщения от сервера: {'response': 200} 
2023-06-26 18:37:12,100 INFO client Ответ получен 
2023-06-26 18:37:12,100 INFO client Ответ 200 : OK успешно обработан 
2023-06-26 18:37:12,654 INFO client Соединение с сервером установлено 
2023-06-26 18:37:12,654 DEBUG client Сообщение {'action': 'presence', 'time': 1687801032.6541042, 'user': {'account_name': 'Guest', 'status': 'online'}} для пользователя Guest сформировано 
2023-06-26 18:37:12,654 INFO client Запрос отправлен 
2023-06-26 18:37:12,654 INFO client Разбор сообщения от сервера: {'response': 200} 
2023-06-26 18:37:12,654 INFO client Ответ получен 
2023-06-26 18:37:12,654 INFO client Ответ 200 : OK успешно обработан 
2023-06-26 18:37:13,233 INFO client Соединение с сервером установлено 
2023-06-26 18:37:13,233 DEBUG client Сообщение {'action': 'presence', 'time': 1687801033.2331207, 'user': {'account_name': 'Guest', 'status': 'online'}} для пользователя Guest сформировано 
2023-06-26 18:37:13,233 INFO client Запрос отправлен 
2023-06-26 18:37:13,233 INFO client Разбор сообщения от сервера: {'response': 200} 
2023-06-26 18:37:13,233 INFO client Ответ получен 
2023-06-26 18:37:13,233 INFO client Ответ 200 : OK успешно обработан 
